TN:
SF:dist/handlers.js
FN:14,nowMs
FN:17,envString
FN:21,toHintFromMessage
FN:33,statusToState
FN:45,unavailable
FN:54,mapSdkError
FN:87,<instance_members_initializer>
FN:89,Handlers
FN:92,health
FN:114,activate
FN:137,check
FN:164,hasFeature
FN:192,summary
FNF:13
FNH:13
FNDA:1,nowMs
FNDA:11,envString
FNDA:19,toHintFromMessage
FNDA:7,statusToState
FNDA:7,unavailable
FNDA:13,mapSdkError
FNDA:25,<instance_members_initializer>
FNDA:25,Handlers
FNDA:5,health
FNDA:6,activate
FNDA:5,check
FNDA:6,hasFeature
FNDA:5,summary
DA:1,2
DA:2,2
DA:3,2
DA:4,2
DA:5,2
DA:6,2
DA:7,2
DA:8,2
DA:9,2
DA:10,2
DA:11,2
DA:12,2
DA:13,2
DA:14,2
DA:15,1
DA:16,1
DA:17,2
DA:18,11
DA:19,11
DA:20,11
DA:21,2
DA:22,19
DA:23,19
DA:24,19
DA:25,19
DA:26,2
DA:27,2
DA:28,19
DA:29,1
DA:30,1
DA:31,14
DA:32,19
DA:33,2
DA:34,7
DA:35,5
DA:36,5
DA:37,5
DA:38,5
DA:39,5
DA:40,2
DA:41,2
DA:42,2
DA:43,2
DA:44,7
DA:45,2
DA:46,7
DA:47,7
DA:48,7
DA:49,7
DA:50,7
DA:51,7
DA:52,7
DA:53,7
DA:54,2
DA:55,13
DA:56,8
DA:57,8
DA:58,8
DA:59,8
DA:60,8
DA:61,8
DA:62,8
DA:63,8
DA:64,2
DA:65,2
DA:66,8
DA:67,2
DA:68,2
DA:69,8
DA:70,2
DA:71,2
DA:72,8
DA:73,1
DA:74,1
DA:75,1
DA:76,1
DA:77,13
DA:78,13
DA:79,13
DA:80,13
DA:81,13
DA:82,13
DA:83,13
DA:84,13
DA:85,13
DA:86,2
DA:87,2
DA:88,2
DA:89,2
DA:90,25
DA:91,25
DA:92,2
DA:93,5
DA:94,2
DA:95,2
DA:96,2
DA:97,2
DA:98,2
DA:99,2
DA:100,2
DA:101,2
DA:102,2
DA:103,2
DA:104,3
DA:105,3
DA:106,3
DA:107,3
DA:108,3
DA:109,3
DA:110,5
DA:111,5
DA:112,5
DA:113,5
DA:114,2
DA:115,6
DA:116,2
DA:117,2
DA:118,6
DA:119,2
DA:120,2
DA:121,2
DA:122,2
DA:123,2
DA:124,2
DA:125,2
DA:126,2
DA:127,2
DA:128,2
DA:129,2
DA:130,1
DA:131,1
DA:132,1
DA:133,1
DA:134,1
DA:135,1
DA:136,6
DA:137,2
DA:138,5
DA:139,2
DA:140,2
DA:141,3
DA:142,3
DA:143,2
DA:144,2
DA:145,2
DA:146,2
DA:147,2
DA:148,2
DA:149,2
DA:150,2
DA:151,2
DA:152,2
DA:153,2
DA:154,2
DA:155,5
DA:156,1
DA:157,1
DA:158,1
DA:159,1
DA:160,1
DA:161,1
DA:162,1
DA:163,5
DA:164,2
DA:165,6
DA:166,1
DA:167,1
DA:168,6
DA:169,2
DA:170,2
DA:171,2
DA:172,2
DA:173,2
DA:174,2
DA:175,2
DA:176,2
DA:177,3
DA:178,3
DA:179,2
DA:180,2
DA:181,2
DA:182,2
DA:183,2
DA:184,6
DA:185,6
DA:186,6
DA:187,6
DA:188,6
DA:189,1
DA:190,1
DA:191,6
DA:192,2
DA:193,5
DA:194,1
DA:195,1
DA:196,4
DA:197,4
DA:198,3
DA:199,3
DA:200,3
DA:201,3
DA:202,3
DA:203,3
DA:204,3
DA:205,5
DA:206,1
DA:207,1
DA:208,3
DA:209,5
DA:210,2
DA:211,2
DA:212,3
DA:213,3
DA:214,3
DA:215,3
DA:216,3
DA:217,3
DA:218,3
DA:219,3
DA:220,3
DA:221,3
DA:222,3
DA:223,3
DA:224,5
DA:225,1
DA:226,1
DA:227,1
DA:228,1
DA:229,1
DA:230,1
DA:231,1
DA:232,5
DA:233,2
LF:233
LH:233
BRDA:1,0,0,2
BRDA:14,1,0,1
BRDA:17,2,0,11
BRDA:19,3,0,4
BRDA:19,4,0,3
BRDA:19,5,0,8
BRDA:21,6,0,19
BRDA:23,7,0,18
BRDA:24,8,0,2
BRDA:25,9,0,17
BRDA:25,10,0,16
BRDA:25,11,0,2
BRDA:28,12,0,15
BRDA:28,13,0,1
BRDA:31,14,0,14
BRDA:33,15,0,7
BRDA:34,16,0,5
BRDA:40,17,0,2
BRDA:45,18,0,7
BRDA:54,19,0,13
BRDA:55,20,0,10
BRDA:55,21,0,8
BRDA:61,22,0,7
BRDA:61,23,0,5
BRDA:63,24,0,6
BRDA:63,25,0,2
BRDA:66,26,0,6
BRDA:66,27,0,4
BRDA:66,28,0,2
BRDA:69,29,0,4
BRDA:69,30,0,2
BRDA:69,31,0,2
BRDA:72,32,0,1
BRDA:77,33,0,5
BRDA:77,34,0,3
BRDA:77,35,0,2
BRDA:77,36,0,1
BRDA:77,37,0,1
BRDA:87,38,0,25
BRDA:89,39,0,25
BRDA:92,40,0,5
BRDA:93,41,0,4
BRDA:93,42,0,2
BRDA:104,43,0,3
BRDA:110,44,0,1
BRDA:114,45,0,6
BRDA:115,46,0,2
BRDA:116,47,0,1
BRDA:118,48,0,4
BRDA:118,49,0,3
BRDA:118,50,0,2
BRDA:130,51,0,1
BRDA:137,52,0,5
BRDA:138,53,0,2
BRDA:139,54,0,1
BRDA:141,55,0,3
BRDA:143,56,0,2
BRDA:155,57,0,1
BRDA:164,58,0,6
BRDA:165,59,0,1
BRDA:168,60,0,5
BRDA:168,61,0,4
BRDA:168,62,0,2
BRDA:177,63,0,3
BRDA:179,64,0,2
BRDA:184,65,0,1
BRDA:185,66,0,1
BRDA:188,67,0,1
BRDA:192,68,0,5
BRDA:193,69,0,1
BRDA:196,70,0,4
BRDA:198,71,0,3
BRDA:205,72,0,2
BRDA:206,73,0,1
BRDA:208,74,0,3
BRDA:209,75,0,1
BRDA:210,76,0,2
BRDA:212,77,0,3
BRDA:224,78,0,1
BRF:79
BRH:79
end_of_record
TN:
SF:dist/server.js
FN:26,loadSdk
FN:39,wire
FN:65,nowMs
FN:85,respond
FN:180,start
FNF:5
FNH:5
FNDA:1,loadSdk
FNDA:1,wire
FNDA:1,nowMs
FNDA:1,respond
FNDA:1,start
DA:1,1
DA:2,1
DA:3,1
DA:4,1
DA:5,1
DA:6,1
DA:7,1
DA:8,1
DA:9,1
DA:10,1
DA:11,1
DA:12,1
DA:13,1
DA:14,1
DA:15,1
DA:16,1
DA:17,1
DA:18,1
DA:19,1
DA:20,1
DA:21,1
DA:22,1
DA:23,1
DA:24,1
DA:25,1
DA:26,1
DA:27,1
DA:28,1
DA:29,1
DA:30,1
DA:31,1
DA:32,1
DA:33,1
DA:34,1
DA:35,1
DA:36,1
DA:37,1
DA:38,1
DA:39,1
DA:40,1
DA:41,1
DA:42,1
DA:43,1
DA:44,1
DA:45,1
DA:46,1
DA:47,1
DA:48,1
DA:49,1
DA:50,1
DA:51,1
DA:52,1
DA:53,1
DA:54,1
DA:55,1
DA:56,1
DA:57,1
DA:58,1
DA:59,1
DA:60,1
DA:61,1
DA:62,1
DA:63,1
DA:64,1
DA:65,1
DA:66,1
DA:67,1
DA:68,1
DA:69,1
DA:70,1
DA:71,1
DA:72,1
DA:73,1
DA:74,1
DA:75,1
DA:76,1
DA:77,1
DA:78,1
DA:79,1
DA:80,1
DA:81,1
DA:82,1
DA:83,1
DA:84,1
DA:85,1
DA:86,1
DA:87,1
DA:88,1
DA:89,1
DA:90,1
DA:91,1
DA:92,1
DA:93,1
DA:94,1
DA:95,1
DA:96,1
DA:97,1
DA:98,1
DA:99,1
DA:100,1
DA:101,1
DA:102,1
DA:103,1
DA:104,1
DA:105,1
DA:106,1
DA:107,1
DA:108,1
DA:109,1
DA:110,1
DA:111,1
DA:112,1
DA:113,1
DA:114,1
DA:115,1
DA:116,1
DA:117,1
DA:118,1
DA:119,1
DA:120,1
DA:121,1
DA:122,1
DA:123,1
DA:124,1
DA:125,1
DA:126,1
DA:127,1
DA:128,1
DA:129,1
DA:130,1
DA:131,1
DA:132,1
DA:133,1
DA:134,1
DA:135,1
DA:136,1
DA:137,1
DA:138,1
DA:139,1
DA:140,1
DA:141,1
DA:142,1
DA:143,1
DA:144,1
DA:145,1
DA:146,1
DA:147,1
DA:148,1
DA:149,1
DA:150,1
DA:151,1
DA:152,1
DA:153,1
DA:154,1
DA:155,1
DA:156,1
DA:157,1
DA:158,1
DA:159,1
DA:160,1
DA:161,1
DA:162,1
DA:163,1
DA:164,1
DA:165,1
DA:166,1
DA:167,1
DA:168,1
DA:169,1
DA:170,1
DA:171,1
DA:172,1
DA:173,1
DA:174,1
DA:175,1
DA:176,1
DA:177,4
DA:178,4
DA:179,1
DA:180,1
DA:181,1
DA:182,1
DA:183,1
DA:184,1
DA:185,1
DA:186,1
DA:187,1
DA:188,1
DA:189,1
DA:190,1
LF:190
LH:190
BRDA:1,0,0,1
BRDA:185,1,0,1
BRDA:39,2,0,1
BRDA:41,3,0,1
BRDA:42,4,0,1
BRDA:43,5,0,1
BRDA:44,6,0,1
BRDA:50,7,0,1
BRDA:50,8,0,1
BRDA:53,9,0,1
BRDA:54,10,0,1
BRDA:55,11,0,1
BRDA:56,12,0,1
BRDA:56,13,0,1
BRDA:64,14,0,1
BRDA:64,15,0,1
BRF:16
BRH:16
end_of_record
