TN:
SF:dist/index.js
FN:6,<instance_members_initializer>
FN:8,LicensifySdkError
FN:16,InitializationError
FN:21,ActivationError
FN:26,CheckError
FN:30,defaultClock
FN:31,nowMs
FN:36,loadNative
FN:81,<instance_members_initializer>
FN:86,LicensifyClient
FN:96,create
FN:114,dispose
FN:120,requireOpen
FN:130,activate
FN:149,check
FN:165,hasFeature
FNF:16
FNH:16
FNDA:15,<instance_members_initializer>
FNDA:15,LicensifySdkError
FNDA:8,InitializationError
FNDA:4,ActivationError
FNDA:2,CheckError
FNDA:7,defaultClock
FNDA:8,nowMs
FNDA:1,loadNative
FNDA:9,<instance_members_initializer>
FNDA:9,LicensifyClient
FNDA:14,create
FNDA:3,dispose
FNDA:11,requireOpen
FNDA:6,activate
FNDA:4,check
FNDA:5,hasFeature
DA:1,1
DA:2,1
DA:3,1
DA:4,1
DA:5,1
DA:6,1
DA:7,1
DA:8,1
DA:9,15
DA:10,15
DA:11,15
DA:12,15
DA:13,15
DA:14,1
DA:15,1
DA:16,1
DA:17,8
DA:18,8
DA:19,1
DA:20,1
DA:21,1
DA:22,4
DA:23,4
DA:24,1
DA:25,1
DA:26,1
DA:27,2
DA:28,2
DA:29,1
DA:30,7
DA:31,7
DA:32,7
DA:33,1
DA:34,1
DA:35,1
DA:36,1
DA:37,1
DA:38,1
DA:39,1
DA:40,1
DA:41,1
DA:42,1
DA:43,1
DA:44,1
DA:45,1
DA:46,1
DA:47,1
DA:48,1
DA:49,1
DA:50,1
DA:51,1
DA:52,1
DA:53,1
DA:54,1
DA:55,1
DA:56,1
DA:57,1
DA:58,1
DA:59,1
DA:60,1
DA:61,1
DA:62,1
DA:63,1
DA:64,1
DA:65,1
DA:66,1
DA:67,1
DA:68,1
DA:69,1
DA:70,1
DA:71,1
DA:72,1
DA:73,1
DA:74,1
DA:75,1
DA:76,1
DA:77,1
DA:78,1
DA:79,1
DA:80,1
DA:81,1
DA:82,9
DA:83,9
DA:84,9
DA:85,1
DA:86,1
DA:87,9
DA:88,9
DA:89,9
DA:90,9
DA:91,9
DA:92,9
DA:93,1
DA:94,1
DA:95,1
DA:96,1
DA:97,14
DA:98,14
DA:99,14
DA:100,2
DA:101,2
DA:102,14
DA:103,1
DA:104,1
DA:105,1
DA:106,14
DA:107,14
DA:108,14
DA:109,9
DA:110,14
DA:111,1
DA:112,1
DA:113,1
DA:114,1
DA:115,3
DA:116,2
DA:117,2
DA:118,2
DA:119,3
DA:120,1
DA:121,11
DA:122,11
DA:123,8
DA:124,11
DA:125,1
DA:126,1
DA:127,1
DA:128,1
DA:129,1
DA:130,1
DA:131,6
DA:132,6
DA:133,4
DA:134,4
DA:135,4
DA:136,4
DA:137,6
DA:138,2
DA:139,2
DA:140,2
DA:141,2
DA:142,6
DA:143,6
DA:144,1
DA:145,1
DA:146,1
DA:147,1
DA:148,1
DA:149,1
DA:150,4
DA:151,4
DA:152,4
DA:153,4
DA:154,4
DA:155,2
DA:156,2
DA:157,2
DA:158,2
DA:159,4
DA:160,4
DA:161,4
DA:162,1
DA:163,1
DA:164,1
DA:165,1
DA:166,5
DA:167,5
DA:168,3
DA:169,3
DA:170,5
DA:171,1
LF:171
LH:171
BRDA:1,0,0,1
BRDA:6,1,0,15
BRDA:8,2,0,15
BRDA:16,3,0,8
BRDA:21,4,0,4
BRDA:26,5,0,2
BRDA:30,6,0,7
BRDA:31,7,0,8
BRDA:81,8,0,9
BRDA:86,9,0,9
BRDA:89,10,0,7
BRDA:96,11,0,14
BRDA:97,12,0,13
BRDA:98,13,0,1
BRDA:99,14,0,13
BRDA:99,15,0,12
BRDA:99,16,0,2
BRDA:102,17,0,11
BRDA:102,18,0,1
BRDA:105,19,0,1
BRDA:105,20,0,1
BRDA:108,21,0,1
BRDA:109,22,0,9
BRDA:114,23,0,3
BRDA:115,24,0,2
BRDA:120,25,0,11
BRDA:122,26,0,3
BRDA:123,27,0,8
BRDA:130,28,0,6
BRDA:131,29,0,5
BRDA:132,30,0,2
BRDA:133,31,0,4
BRDA:137,32,0,2
BRDA:138,33,0,1
BRDA:139,34,0,1
BRDA:142,35,0,1
BRDA:149,36,0,4
BRDA:154,37,0,2
BRDA:156,38,0,1
BRDA:159,39,0,1
BRDA:165,40,0,5
BRDA:166,41,0,4
BRDA:167,42,0,2
BRDA:168,43,0,3
BRF:44
BRH:44
end_of_record
